  Battle_Stage.cpp
C:\Users\admin\Documents\勇者に生まれていなければ\プログラム\If I'm not brave men\Player.h(64): warning C4018: '<': signed と unsigned の数値を比較しようとしました。
C:\Users\admin\Documents\勇者に生まれていなければ\プログラム\If I'm not brave men\Battle_Stage.cpp(36): warning C4244: '引数': 'time_t' から 'unsigned int' への変換です。データが失われる可能性があります。
C:\Users\admin\Documents\勇者に生まれていなければ\プログラム\If I'm not brave men\Battle_Stage.cpp(100): warning C4244: '引数': 'time_t' から 'unsigned int' への変換です。データが失われる可能性があります。
C:\Users\admin\Documents\勇者に生まれていなければ\プログラム\If I'm not brave men\Battle_Stage.cpp(136): warning C4018: '<': signed と unsigned の数値を比較しようとしました。
C:\Users\admin\Documents\勇者に生まれていなければ\プログラム\If I'm not brave men\Battle_Stage.cpp(141): warning C4018: '<': signed と unsigned の数値を比較しようとしました。
C:\Users\admin\Documents\勇者に生まれていなければ\プログラム\If I'm not brave men\Battle_Stage.cpp(150): warning C4018: '<': signed と unsigned の数値を比較しようとしました。
C:\Users\admin\Documents\勇者に生まれていなければ\プログラム\If I'm not brave men\Battle_Stage.cpp(212): warning C4018: '<': signed と unsigned の数値を比較しようとしました。
C:\Users\admin\Documents\勇者に生まれていなければ\プログラム\If I'm not brave men\Battle_Stage.cpp(220): warning C4018: '<': signed と unsigned の数値を比較しようとしました。
C:\Users\admin\Documents\勇者に生まれていなければ\プログラム\If I'm not brave men\Battle_Stage.cpp(287): warning C4244: '引数': 'int' から 'float' への変換です。データが失われる可能性があります。
C:\Users\admin\Documents\勇者に生まれていなければ\プログラム\If I'm not brave men\Battle_Stage.cpp(310): warning C4244: '引数': 'int' から 'float' への変換です。データが失われる可能性があります。
C:\Users\admin\Documents\勇者に生まれていなければ\プログラム\If I'm not brave men\Battle_Stage.cpp(392): warning C4018: '<': signed と unsigned の数値を比較しようとしました。
C:\Users\admin\Documents\勇者に生まれていなければ\プログラム\If I'm not brave men\Battle_Stage.cpp(579): warning C4018: '<': signed と unsigned の数値を比較しようとしました。
C:\Users\admin\Documents\勇者に生まれていなければ\プログラム\If I'm not brave men\Battle_Stage.cpp(636): warning C4018: '<': signed と unsigned の数値を比較しようとしました。
C:\Users\admin\Documents\勇者に生まれていなければ\プログラム\If I'm not brave men\Battle_Stage.cpp(643): warning C4018: '<': signed と unsigned の数値を比較しようとしました。
C:\Users\admin\Documents\勇者に生まれていなければ\プログラム\If I'm not brave men\Battle_Stage.cpp(655): warning C4018: '<': signed と unsigned の数値を比較しようとしました。
C:\Users\admin\Documents\勇者に生まれていなければ\プログラム\If I'm not brave men\Battle_Stage.cpp(667): warning C4018: '<': signed と unsigned の数値を比較しようとしました。
C:\Users\admin\Documents\勇者に生まれていなければ\プログラム\If I'm not brave men\Battle_Stage.cpp(869): warning C4244: '引数': 'int' から 'float' への変換です。データが失われる可能性があります。
C:\Users\admin\Documents\勇者に生まれていなければ\プログラム\If I'm not brave men\Battle_Stage.cpp(870): warning C4244: '引数': 'int' から 'float' への変換です。データが失われる可能性があります。
C:\Users\admin\Documents\勇者に生まれていなければ\プログラム\If I'm not brave men\Battle_Stage.cpp(879): warning C4244: '引数': 'int' から 'float' への変換です。データが失われる可能性があります。
C:\Users\admin\Documents\勇者に生まれていなければ\プログラム\If I'm not brave men\Battle_Stage.cpp(1032): warning C4018: '<': signed と unsigned の数値を比較しようとしました。
C:\Users\admin\Documents\勇者に生まれていなければ\プログラム\If I'm not brave men\Battle_Stage.cpp(1036): warning C4244: '引数': 'double' から 'int' への変換です。データが失われる可能性があります。
C:\Users\admin\Documents\勇者に生まれていなければ\プログラム\If I'm not brave men\Battle_Stage.cpp(1082): warning C4018: '<': signed と unsigned の数値を比較しようとしました。
C:\Users\admin\Documents\勇者に生まれていなければ\プログラム\If I'm not brave men\Battle_Stage.cpp(1086): warning C4244: '引数': 'double' から 'int' への変換です。データが失われる可能性があります。
C:\Users\admin\Documents\勇者に生まれていなければ\プログラム\If I'm not brave men\Battle_Stage.cpp(1433): warning C4018: '<': signed と unsigned の数値を比較しようとしました。
  Cleak.cpp
C:\Users\admin\Documents\勇者に生まれていなければ\プログラム\If I'm not brave men\Cleak.cpp(18): warning C4018: '<': signed と unsigned の数値を比較しようとしました。
C:\Users\admin\Documents\勇者に生まれていなければ\プログラム\If I'm not brave men\Cleak.cpp(96): warning C4018: '<': signed と unsigned の数値を比較しようとしました。
C:\Users\admin\Documents\勇者に生まれていなければ\プログラム\If I'm not brave men\Cleak.cpp(111): warning C4018: '<': signed と unsigned の数値を比較しようとしました。
  Draw.cpp
C:\Users\admin\Documents\勇者に生まれていなければ\プログラム\If I'm not brave men\Player.h(64): warning C4018: '<': signed と unsigned の数値を比較しようとしました。
C:\Users\admin\Documents\勇者に生まれていなければ\プログラム\If I'm not brave men\Draw.cpp(12): warning C4244: '初期化中': 'double' から 'stagedata' への変換です。データが失われる可能性があります。
  Inn.cpp
C:\Users\admin\Documents\勇者に生まれていなければ\プログラム\If I'm not brave men\Inn.cpp(56): error C2027: 認識できない型 'Player' が使われています。
  C:\Users\admin\Documents\勇者に生まれていなければ\プログラム\If I'm not brave men\PartyControl.h(6): note: 'Player' の宣言を確認してください
C:\Users\admin\Documents\勇者に生まれていなければ\プログラム\If I'm not brave men\Inn.cpp(56): error C2039: 'healHp': 'std::shared_ptr<Player>' のメンバーではありません。
  C:\Users\admin\Documents\勇者に生まれていなければ\プログラム\If I'm not brave men\PartyControl.h(19): note: 'std::shared_ptr<Player>' の宣言を確認してください
C:\Users\admin\Documents\勇者に生まれていなければ\プログラム\If I'm not brave men\Inn.cpp(57): error C2027: 認識できない型 'Player' が使われています。
  C:\Users\admin\Documents\勇者に生まれていなければ\プログラム\If I'm not brave men\PartyControl.h(6): note: 'Player' の宣言を確認してください
C:\Users\admin\Documents\勇者に生まれていなければ\プログラム\If I'm not brave men\Inn.cpp(57): error C2039: 'plusMp': 'std::shared_ptr<Player>' のメンバーではありません。
  C:\Users\admin\Documents\勇者に生まれていなければ\プログラム\If I'm not brave men\PartyControl.h(19): note: 'std::shared_ptr<Player>' の宣言を確認してください
  Magic.cpp
C:\Users\admin\Documents\勇者に生まれていなければ\プログラム\If I'm not brave men\PartyControl.h(42): error C3861: 'GetColor': 識別子が見つかりませんでした
C:\Users\admin\Documents\勇者に生まれていなければ\プログラム\If I'm not brave men\PartyControl.h(42): error C3861: 'DrawFormatString': 識別子が見つかりませんでした
  MapControl.cpp
C:\Users\admin\Documents\勇者に生まれていなければ\プログラム\If I'm not brave men\Player.h(64): warning C4018: '<': signed と unsigned の数値を比較しようとしました。
C:\Users\admin\Documents\勇者に生まれていなければ\プログラム\If I'm not brave men\MapControl.cpp(101): warning C4018: '<': signed と unsigned の数値を比較しようとしました。
  Menu.cpp
C:\Users\admin\Documents\勇者に生まれていなければ\プログラム\If I'm not brave men\PartyControl.h(42): error C3861: 'GetColor': 識別子が見つかりませんでした
C:\Users\admin\Documents\勇者に生まれていなければ\プログラム\If I'm not brave men\PartyControl.h(42): error C3861: 'DrawFormatString': 識別子が見つかりませんでした
C:\Users\admin\Documents\勇者に生まれていなければ\プログラム\If I'm not brave men\Menu.cpp(75): error C2027: 認識できない型 'Player' が使われています。
  C:\Users\admin\Documents\勇者に生まれていなければ\プログラム\If I'm not brave men\PartyControl.h(6): note: 'Player' の宣言を確認してください
C:\Users\admin\Documents\勇者に生まれていなければ\プログラム\If I'm not brave men\Menu.cpp(75): error C2039: 'getName': 'std::shared_ptr<Player>' のメンバーではありません。
  C:\Users\admin\Documents\勇者に生まれていなければ\プログラム\If I'm not brave men\PartyControl.h(19): note: 'std::shared_ptr<Player>' の宣言を確認してください
C:\Users\admin\Documents\勇者に生まれていなければ\プログラム\If I'm not brave men\Menu.cpp(76): error C2027: 認識できない型 'Player' が使われています。
  C:\Users\admin\Documents\勇者に生まれていなければ\プログラム\If I'm not brave men\PartyControl.h(6): note: 'Player' の宣言を確認してください
C:\Users\admin\Documents\勇者に生まれていなければ\プログラム\If I'm not brave men\Menu.cpp(76): error C2039: 'GetLV': 'std::shared_ptr<Player>' のメンバーではありません。
  C:\Users\admin\Documents\勇者に生まれていなければ\プログラム\If I'm not brave men\PartyControl.h(19): note: 'std::shared_ptr<Player>' の宣言を確認してください
C:\Users\admin\Documents\勇者に生まれていなければ\プログラム\If I'm not brave men\Menu.cpp(77): error C2027: 認識できない型 'Player' が使われています。
  C:\Users\admin\Documents\勇者に生まれていなければ\プログラム\If I'm not brave men\PartyControl.h(6): note: 'Player' の宣言を確認してください
C:\Users\admin\Documents\勇者に生まれていなければ\プログラム\If I'm not brave men\Menu.cpp(77): error C2039: 'getHp': 'std::shared_ptr<Player>' のメンバーではありません。
  C:\Users\admin\Documents\勇者に生まれていなければ\プログラム\If I'm not brave men\PartyControl.h(19): note: 'std::shared_ptr<Player>' の宣言を確認してください
C:\Users\admin\Documents\勇者に生まれていなければ\プログラム\If I'm not brave men\Menu.cpp(77): error C2039: 'getHpMax': 'std::shared_ptr<Player>' のメンバーではありません。
  C:\Users\admin\Documents\勇者に生まれていなければ\プログラム\If I'm not brave men\PartyControl.h(19): note: 'std::shared_ptr<Player>' の宣言を確認してください
C:\Users\admin\Documents\勇者に生まれていなければ\プログラム\If I'm not brave men\Menu.cpp(78): error C2027: 認識できない型 'Player' が使われています。
  C:\Users\admin\Documents\勇者に生まれていなければ\プログラム\If I'm not brave men\PartyControl.h(6): note: 'Player' の宣言を確認してください
C:\Users\admin\Documents\勇者に生まれていなければ\プログラム\If I'm not brave men\Menu.cpp(78): error C2039: 'getId': 'std::shared_ptr<Player>' のメンバーではありません。
  C:\Users\admin\Documents\勇者に生まれていなければ\プログラム\If I'm not brave men\PartyControl.h(19): note: 'std::shared_ptr<Player>' の宣言を確認してください
C:\Users\admin\Documents\勇者に生まれていなければ\プログラム\If I'm not brave men\Menu.cpp(79): error C2027: 認識できない型 'Player' が使われています。
  C:\Users\admin\Documents\勇者に生まれていなければ\プログラム\If I'm not brave men\PartyControl.h(6): note: 'Player' の宣言を確認してください
C:\Users\admin\Documents\勇者に生まれていなければ\プログラム\If I'm not brave men\Menu.cpp(79): error C2039: 'getMp': 'std::shared_ptr<Player>' のメンバーではありません。
  C:\Users\admin\Documents\勇者に生まれていなければ\プログラム\If I'm not brave men\PartyControl.h(19): note: 'std::shared_ptr<Player>' の宣言を確認してください
C:\Users\admin\Documents\勇者に生まれていなければ\プログラム\If I'm not brave men\Menu.cpp(79): error C2039: 'getMpMax': 'std::shared_ptr<Player>' のメンバーではありません。
  C:\Users\admin\Documents\勇者に生まれていなければ\プログラム\If I'm not brave men\PartyControl.h(19): note: 'std::shared_ptr<Player>' の宣言を確認してください
C:\Users\admin\Documents\勇者に生まれていなければ\プログラム\If I'm not brave men\Menu.cpp(194): error C2027: 認識できない型 'Player' が使われています。
  C:\Users\admin\Documents\勇者に生まれていなければ\プログラム\If I'm not brave men\PartyControl.h(6): note: 'Player' の宣言を確認してください
C:\Users\admin\Documents\勇者に生まれていなければ\プログラム\If I'm not brave men\Menu.cpp(194): error C2039: 'getEquipPoint': 'std::shared_ptr<Player>' のメンバーではありません。
  C:\Users\admin\Documents\勇者に生まれていなければ\プログラム\If I'm not brave men\PartyControl.h(19): note: 'std::shared_ptr<Player>' の宣言を確認してください
C:\Users\admin\Documents\勇者に生まれていなければ\プログラム\If I'm not brave men\Menu.cpp(258): error C2027: 認識できない型 'Player' が使われています。
  C:\Users\admin\Documents\勇者に生まれていなければ\プログラム\If I'm not brave men\PartyControl.h(6): note: 'Player' の宣言を確認してください
C:\Users\admin\Documents\勇者に生まれていなければ\プログラム\If I'm not brave men\Menu.cpp(258): error C2039: 'getEquipName': 'std::shared_ptr<Player>' のメンバーではありません。
  C:\Users\admin\Documents\勇者に生まれていなければ\プログラム\If I'm not brave men\PartyControl.h(19): note: 'std::shared_ptr<Player>' の宣言を確認してください
C:\Users\admin\Documents\勇者に生まれていなければ\プログラム\If I'm not brave men\Menu.cpp(260): error C2027: 認識できない型 'Player' が使われています。
  C:\Users\admin\Documents\勇者に生まれていなければ\プログラム\If I'm not brave men\PartyControl.h(6): note: 'Player' の宣言を確認してください
C:\Users\admin\Documents\勇者に生まれていなければ\プログラム\If I'm not brave men\Menu.cpp(260): error C2039: 'getEquipName': 'std::shared_ptr<Player>' のメンバーではありません。
  C:\Users\admin\Documents\勇者に生まれていなければ\プログラム\If I'm not brave men\PartyControl.h(19): note: 'std::shared_ptr<Player>' の宣言を確認してください
C:\Users\admin\Documents\勇者に生まれていなければ\プログラム\If I'm not brave men\Menu.cpp(262): error C2027: 認識できない型 'Player' が使われています。
  C:\Users\admin\Documents\勇者に生まれていなければ\プログラム\If I'm not brave men\PartyControl.h(6): note: 'Player' の宣言を確認してください
C:\Users\admin\Documents\勇者に生まれていなければ\プログラム\If I'm not brave men\Menu.cpp(262): error C2039: 'getEquipName': 'std::shared_ptr<Player>' のメンバーではありません。
  C:\Users\admin\Documents\勇者に生まれていなければ\プログラム\If I'm not brave men\PartyControl.h(19): note: 'std::shared_ptr<Player>' の宣言を確認してください
C:\Users\admin\Documents\勇者に生まれていなければ\プログラム\If I'm not brave men\Menu.cpp(264): error C2027: 認識できない型 'Player' が使われています。
  C:\Users\admin\Documents\勇者に生まれていなければ\プログラム\If I'm not brave men\PartyControl.h(6): note: 'Player' の宣言を確認してください
C:\Users\admin\Documents\勇者に生まれていなければ\プログラム\If I'm not brave men\Menu.cpp(264): error C2039: 'getEquipName': 'std::shared_ptr<Player>' のメンバーではありません。
  C:\Users\admin\Documents\勇者に生まれていなければ\プログラム\If I'm not brave men\PartyControl.h(19): note: 'std::shared_ptr<Player>' の宣言を確認してください
C:\Users\admin\Documents\勇者に生まれていなければ\プログラム\If I'm not brave men\Menu.cpp(266): error C2027: 認識できない型 'Player' が使われています。
  C:\Users\admin\Documents\勇者に生まれていなければ\プログラム\If I'm not brave men\PartyControl.h(6): note: 'Player' の宣言を確認してください
C:\Users\admin\Documents\勇者に生まれていなければ\プログラム\If I'm not brave men\Menu.cpp(266): error C2039: 'getEquipName': 'std::shared_ptr<Player>' のメンバーではありません。
  C:\Users\admin\Documents\勇者に生まれていなければ\プログラム\If I'm not brave men\PartyControl.h(19): note: 'std::shared_ptr<Player>' の宣言を確認してください
C:\Users\admin\Documents\勇者に生まれていなければ\プログラム\If I'm not brave men\Menu.cpp(324): error C2027: 認識できない型 'Player' が使われています。
  C:\Users\admin\Documents\勇者に生まれていなければ\プログラム\If I'm not brave men\PartyControl.h(6): note: 'Player' の宣言を確認してください
C:\Users\admin\Documents\勇者に生まれていなければ\プログラム\If I'm not brave men\Menu.cpp(324): error C2039: 'hasEquip': 'std::shared_ptr<Player>' のメンバーではありません。
  C:\Users\admin\Documents\勇者に生まれていなければ\プログラム\If I'm not brave men\PartyControl.h(19): note: 'std::shared_ptr<Player>' の宣言を確認してください
C:\Users\admin\Documents\勇者に生まれていなければ\プログラム\If I'm not brave men\Menu.cpp(353): error C2027: 認識できない型 'Player' が使われています。
  C:\Users\admin\Documents\勇者に生まれていなければ\プログラム\If I'm not brave men\PartyControl.h(6): note: 'Player' の宣言を確認してください
C:\Users\admin\Documents\勇者に生まれていなければ\プログラム\If I'm not brave men\Menu.cpp(353): error C2039: 'getNumMagicMap': 'std::shared_ptr<Player>' のメンバーではありません。
  C:\Users\admin\Documents\勇者に生まれていなければ\プログラム\If I'm not brave men\PartyControl.h(19): note: 'std::shared_ptr<Player>' の宣言を確認してください
C:\Users\admin\Documents\勇者に生まれていなければ\プログラム\If I'm not brave men\Menu.cpp(354): error C2027: 認識できない型 'Player' が使われています。
  C:\Users\admin\Documents\勇者に生まれていなければ\プログラム\If I'm not brave men\PartyControl.h(6): note: 'Player' の宣言を確認してください
C:\Users\admin\Documents\勇者に生まれていなければ\プログラム\If I'm not brave men\Menu.cpp(354): error C2039: 'getNumMagicMap': 'std::shared_ptr<Player>' のメンバーではありません。
  C:\Users\admin\Documents\勇者に生まれていなければ\プログラム\If I'm not brave men\PartyControl.h(19): note: 'std::shared_ptr<Player>' の宣言を確認してください
C:\Users\admin\Documents\勇者に生まれていなければ\プログラム\If I'm not brave men\Menu.cpp(361): error C2027: 認識できない型 'Player' が使われています。
  C:\Users\admin\Documents\勇者に生まれていなければ\プログラム\If I'm not brave men\PartyControl.h(6): note: 'Player' の宣言を確認してください
C:\Users\admin\Documents\勇者に生まれていなければ\プログラム\If I'm not brave men\Menu.cpp(361): error C2039: 'getMagicInfo': 'std::shared_ptr<Player>' のメンバーではありません。
  C:\Users\admin\Documents\勇者に生まれていなければ\プログラム\If I'm not brave men\PartyControl.h(19): note: 'std::shared_ptr<Player>' の宣言を確認してください
C:\Users\admin\Documents\勇者に生まれていなければ\プログラム\If I'm not brave men\Menu.cpp(378): error C2027: 認識できない型 'Player' が使われています。
  C:\Users\admin\Documents\勇者に生まれていなければ\プログラム\If I'm not brave men\PartyControl.h(6): note: 'Player' の宣言を確認してください
C:\Users\admin\Documents\勇者に生まれていなければ\プログラム\If I'm not brave men\Menu.cpp(378): error C2039: 'getNumMagicMap': 'std::shared_ptr<Player>' のメンバーではありません。
  C:\Users\admin\Documents\勇者に生まれていなければ\プログラム\If I'm not brave men\PartyControl.h(19): note: 'std::shared_ptr<Player>' の宣言を確認してください
C:\Users\admin\Documents\勇者に生まれていなければ\プログラム\If I'm not brave men\Menu.cpp(395): error C2027: 認識できない型 'Player' が使われています。
  C:\Users\admin\Documents\勇者に生まれていなければ\プログラム\If I'm not brave men\PartyControl.h(6): note: 'Player' の宣言を確認してください
C:\Users\admin\Documents\勇者に生まれていなければ\プログラム\If I'm not brave men\Menu.cpp(395): error C2039: 'useMagicMap': 'std::shared_ptr<Player>' のメンバーではありません。
  C:\Users\admin\Documents\勇者に生まれていなければ\プログラム\If I'm not brave men\PartyControl.h(19): note: 'std::shared_ptr<Player>' の宣言を確認してください
C:\Users\admin\Documents\勇者に生まれていなければ\プログラム\If I'm not brave men\Menu.cpp(436): error C2027: 認識できない型 'Player' が使われています。
  C:\Users\admin\Documents\勇者に生まれていなければ\プログラム\If I'm not brave men\PartyControl.h(6): note: 'Player' の宣言を確認してください
C:\Users\admin\Documents\勇者に生まれていなければ\プログラム\If I'm not brave men\Menu.cpp(436): error C2039: 'useMagicMap': 'std::shared_ptr<Player>' のメンバーではありません。
  C:\Users\admin\Documents\勇者に生まれていなければ\プログラム\If I'm not brave men\PartyControl.h(19): note: 'std::shared_ptr<Player>' の宣言を確認してください
  PartyControl.cpp
C:\Users\admin\Documents\勇者に生まれていなければ\プログラム\If I'm not brave men\PartyControl.h(42): error C3861: 'GetColor': 識別子が見つかりませんでした
C:\Users\admin\Documents\勇者に生まれていなければ\プログラム\If I'm not brave men\PartyControl.h(42): error C3861: 'DrawFormatString': 識別子が見つかりませんでした
C:\Users\admin\Documents\勇者に生まれていなければ\プログラム\If I'm not brave men\PartyControl.cpp(26): warning C4018: '<': signed と unsigned の数値を比較しようとしました。
C:\Users\admin\Documents\勇者に生まれていなければ\プログラム\If I'm not brave men\PartyControl.cpp(47): error C2027: 認識できない型 'Player' が使われています。
  C:\Users\admin\Documents\勇者に生まれていなければ\プログラム\If I'm not brave men\PartyControl.h(6): note: 'Player' の宣言を確認してください
C:\Users\admin\Documents\勇者に生まれていなければ\プログラム\If I'm not brave men\PartyControl.cpp(47): error C2039: 'hasEquip': 'std::shared_ptr<Player>' のメンバーではありません。
  C:\Users\admin\Documents\勇者に生まれていなければ\プログラム\If I'm not brave men\PartyControl.h(19): note: 'std::shared_ptr<Player>' の宣言を確認してください
C:\Users\admin\Documents\勇者に生まれていなければ\プログラム\If I'm not brave men\PartyControl.cpp(48): error C2027: 認識できない型 'Player' が使われています。
  C:\Users\admin\Documents\勇者に生まれていなければ\プログラム\If I'm not brave men\PartyControl.h(6): note: 'Player' の宣言を確認してください
C:\Users\admin\Documents\勇者に生まれていなければ\プログラム\If I'm not brave men\PartyControl.cpp(48): error C2039: 'getWeaponId': 'std::shared_ptr<Player>' のメンバーではありません。
  C:\Users\admin\Documents\勇者に生まれていなければ\プログラム\If I'm not brave men\PartyControl.h(19): note: 'std::shared_ptr<Player>' の宣言を確認してください
C:\Users\admin\Documents\勇者に生まれていなければ\プログラム\If I'm not brave men\PartyControl.cpp(50): error C2027: 認識できない型 'Player' が使われています。
  C:\Users\admin\Documents\勇者に生まれていなければ\プログラム\If I'm not brave men\PartyControl.h(6): note: 'Player' の宣言を確認してください
C:\Users\admin\Documents\勇者に生まれていなければ\プログラム\If I'm not brave men\PartyControl.cpp(50): error C2039: 'setEquipment': 'std::shared_ptr<Player>' のメンバーではありません。
  C:\Users\admin\Documents\勇者に生まれていなければ\プログラム\If I'm not brave men\PartyControl.h(19): note: 'std::shared_ptr<Player>' の宣言を確認してください
C:\Users\admin\Documents\勇者に生まれていなければ\プログラム\If I'm not brave men\PartyControl.cpp(53): error C2027: 認識できない型 'Player' が使われています。
  C:\Users\admin\Documents\勇者に生まれていなければ\プログラム\If I'm not brave men\PartyControl.h(6): note: 'Player' の宣言を確認してください
C:\Users\admin\Documents\勇者に生まれていなければ\プログラム\If I'm not brave men\PartyControl.cpp(53): error C2039: 'hasEquip': 'std::shared_ptr<Player>' のメンバーではありません。
  C:\Users\admin\Documents\勇者に生まれていなければ\プログラム\If I'm not brave men\PartyControl.h(19): note: 'std::shared_ptr<Player>' の宣言を確認してください
C:\Users\admin\Documents\勇者に生まれていなければ\プログラム\If I'm not brave men\PartyControl.cpp(54): error C2027: 認識できない型 'Player' が使われています。
  C:\Users\admin\Documents\勇者に生まれていなければ\プログラム\If I'm not brave men\PartyControl.h(6): note: 'Player' の宣言を確認してください
C:\Users\admin\Documents\勇者に生まれていなければ\プログラム\If I'm not brave men\PartyControl.cpp(54): error C2039: 'getArmorId': 'std::shared_ptr<Player>' のメンバーではありません。
  C:\Users\admin\Documents\勇者に生まれていなければ\プログラム\If I'm not brave men\PartyControl.h(19): note: 'std::shared_ptr<Player>' の宣言を確認してください
C:\Users\admin\Documents\勇者に生まれていなければ\プログラム\If I'm not brave men\PartyControl.cpp(56): error C2027: 認識できない型 'Player' が使われています。
  C:\Users\admin\Documents\勇者に生まれていなければ\プログラム\If I'm not brave men\PartyControl.h(6): note: 'Player' の宣言を確認してください
C:\Users\admin\Documents\勇者に生まれていなければ\プログラム\If I'm not brave men\PartyControl.cpp(56): error C2039: 'setEquipment': 'std::shared_ptr<Player>' のメンバーではありません。
  C:\Users\admin\Documents\勇者に生まれていなければ\プログラム\If I'm not brave men\PartyControl.h(19): note: 'std::shared_ptr<Player>' の宣言を確認してください
C:\Users\admin\Documents\勇者に生まれていなければ\プログラム\If I'm not brave men\PartyControl.cpp(67): error C2027: 認識できない型 'Player' が使われています。
  C:\Users\admin\Documents\勇者に生まれていなければ\プログラム\If I'm not brave men\PartyControl.h(6): note: 'Player' の宣言を確認してください
C:\Users\admin\Documents\勇者に生まれていなければ\プログラム\If I'm not brave men\PartyControl.cpp(67): error C2039: 'hasEquip': 'std::shared_ptr<Player>' のメンバーではありません。
  C:\Users\admin\Documents\勇者に生まれていなければ\プログラム\If I'm not brave men\PartyControl.h(19): note: 'std::shared_ptr<Player>' の宣言を確認してください
C:\Users\admin\Documents\勇者に生まれていなければ\プログラム\If I'm not brave men\PartyControl.cpp(68): error C2027: 認識できない型 'Player' が使われています。
  C:\Users\admin\Documents\勇者に生まれていなければ\プログラム\If I'm not brave men\PartyControl.h(6): note: 'Player' の宣言を確認してください
C:\Users\admin\Documents\勇者に生まれていなければ\プログラム\If I'm not brave men\PartyControl.cpp(68): error C2039: 'getWeaponId': 'std::shared_ptr<Player>' のメンバーではありません。
  C:\Users\admin\Documents\勇者に生まれていなければ\プログラム\If I'm not brave men\PartyControl.h(19): note: 'std::shared_ptr<Player>' の宣言を確認してください
C:\Users\admin\Documents\勇者に生まれていなければ\プログラム\If I'm not brave men\PartyControl.cpp(70): error C2027: 認識できない型 'Player' が使われています。
  C:\Users\admin\Documents\勇者に生まれていなければ\プログラム\If I'm not brave men\PartyControl.h(6): note: 'Player' の宣言を確認してください
C:\Users\admin\Documents\勇者に生まれていなければ\プログラム\If I'm not brave men\PartyControl.cpp(70): error C2039: 'setEquipment': 'std::shared_ptr<Player>' のメンバーではありません。
  C:\Users\admin\Documents\勇者に生まれていなければ\プログラム\If I'm not brave men\PartyControl.h(19): note: 'std::shared_ptr<Player>' の宣言を確認してください
C:\Users\admin\Documents\勇者に生まれていなければ\プログラム\If I'm not brave men\PartyControl.cpp(73): error C2027: 認識できない型 'Player' が使われています。
  C:\Users\admin\Documents\勇者に生まれていなければ\プログラム\If I'm not brave men\PartyControl.h(6): note: 'Player' の宣言を確認してください
C:\Users\admin\Documents\勇者に生まれていなければ\プログラム\If I'm not brave men\PartyControl.cpp(73): error C2039: 'hasEquip': 'std::shared_ptr<Player>' のメンバーではありません。
  C:\Users\admin\Documents\勇者に生まれていなければ\プログラム\If I'm not brave men\PartyControl.h(19): note: 'std::shared_ptr<Player>' の宣言を確認してください
C:\Users\admin\Documents\勇者に生まれていなければ\プログラム\If I'm not brave men\PartyControl.cpp(74): error C2027: 認識できない型 'Player' が使われています。
  C:\Users\admin\Documents\勇者に生まれていなければ\プログラム\If I'm not brave men\PartyControl.h(6): note: 'Player' の宣言を確認してください
C:\Users\admin\Documents\勇者に生まれていなければ\プログラム\If I'm not brave men\PartyControl.cpp(74): error C2039: 'getArmorId': 'std::shared_ptr<Player>' のメンバーではありません。
  C:\Users\admin\Documents\勇者に生まれていなければ\プログラム\If I'm not brave men\PartyControl.h(19): note: 'std::shared_ptr<Player>' の宣言を確認してください
C:\Users\admin\Documents\勇者に生まれていなければ\プログラム\If I'm not brave men\PartyControl.cpp(76): error C2027: 認識できない型 'Player' が使われています。
  C:\Users\admin\Documents\勇者に生まれていなければ\プログラム\If I'm not brave men\PartyControl.h(6): note: 'Player' の宣言を確認してください
C:\Users\admin\Documents\勇者に生まれていなければ\プログラム\If I'm not brave men\PartyControl.cpp(76): error C2039: 'setEquipment': 'std::shared_ptr<Player>' のメンバーではありません。
  C:\Users\admin\Documents\勇者に生まれていなければ\プログラム\If I'm not brave men\PartyControl.h(19): note: 'std::shared_ptr<Player>' の宣言を確認してください
C:\Users\admin\Documents\勇者に生まれていなければ\プログラム\If I'm not brave men\PartyControl.cpp(79): error C2027: 認識できない型 'Player' が使われています。
  C:\Users\admin\Documents\勇者に生まれていなければ\プログラム\If I'm not brave men\PartyControl.h(6): note: 'Player' の宣言を確認してください
C:\Users\admin\Documents\勇者に生まれていなければ\プログラム\If I'm not brave men\PartyControl.cpp(79): error C2039: 'hasEquip': 'std::shared_ptr<Player>' のメンバーではありません。
  C:\Users\admin\Documents\勇者に生まれていなければ\プログラム\If I'm not brave men\PartyControl.h(19): note: 'std::shared_ptr<Player>' の宣言を確認してください
C:\Users\admin\Documents\勇者に生まれていなければ\プログラム\If I'm not brave men\PartyControl.cpp(80): error C2027: 認識できない型 'Player' が使われています。
  C:\Users\admin\Documents\勇者に生まれていなければ\プログラム\If I'm not brave men\PartyControl.h(6): note: 'Player' の宣言を確認してください
C:\Users\admin\Documents\勇者に生まれていなければ\プログラム\If I'm not brave men\PartyControl.cpp(80): error C2039: 'getArmorId': 'std::shared_ptr<Player>' のメンバーではありません。
  C:\Users\admin\Documents\勇者に生まれていなければ\プログラム\If I'm not brave men\PartyControl.h(19): note: 'std::shared_ptr<Player>' の宣言を確認してください
C:\Users\admin\Documents\勇者に生まれていなければ\プログラム\If I'm not brave men\PartyControl.cpp(82): error C2027: 認識できない型 'Player' が使われています。
  C:\Users\admin\Documents\勇者に生まれていなければ\プログラム\If I'm not brave men\PartyControl.h(6): note: 'Player' の宣言を確認してください
C:\Users\admin\Documents\勇者に生まれていなければ\プログラム\If I'm not brave men\PartyControl.cpp(82): error C2039: 'setEquipment': 'std::shared_ptr<Player>' のメンバーではありません。
  C:\Users\admin\Documents\勇者に生まれていなければ\プログラム\If I'm not brave men\PartyControl.h(19): note: 'std::shared_ptr<Player>' の宣言を確認してください
C:\Users\admin\Documents\勇者に生まれていなければ\プログラム\If I'm not brave men\PartyControl.cpp(85): error C2027: 認識できない型 'Player' が使われています。
  C:\Users\admin\Documents\勇者に生まれていなければ\プログラム\If I'm not brave men\PartyControl.h(6): note: 'Player' の宣言を確認してください
C:\Users\admin\Documents\勇者に生まれていなければ\プログラム\If I'm not brave men\PartyControl.cpp(85): error C2039: 'hasEquip': 'std::shared_ptr<Player>' のメンバーではありません。
  C:\Users\admin\Documents\勇者に生まれていなければ\プログラム\If I'm not brave men\PartyControl.h(19): note: 'std::shared_ptr<Player>' の宣言を確認してください
C:\Users\admin\Documents\勇者に生まれていなければ\プログラム\If I'm not brave men\PartyControl.cpp(86): error C2027: 認識できない型 'Player' が使われています。
  C:\Users\admin\Documents\勇者に生まれていなければ\プログラム\If I'm not brave men\PartyControl.h(6): note: 'Player' の宣言を確認してください
C:\Users\admin\Documents\勇者に生まれていなければ\プログラム\If I'm not brave men\PartyControl.cpp(86): error C2039: 'getArmorId': 'std::shared_ptr<Player>' のメンバーではありません。
  C:\Users\admin\Documents\勇者に生まれていなければ\プログラム\If I'm not brave men\PartyControl.h(19): note: 'std::shared_ptr<Player>' の宣言を確認してください
C:\Users\admin\Documents\勇者に生まれていなければ\プログラム\If I'm not brave men\PartyControl.cpp(88): error C2027: 認識できない型 'Player' が使われています。
  C:\Users\admin\Documents\勇者に生まれていなければ\プログラム\If I'm not brave men\PartyControl.h(6): note: 'Player' の宣言を確認してください
C:\Users\admin\Documents\勇者に生まれていなければ\プログラム\If I'm not brave men\PartyControl.cpp(88): error C2039: 'setEquipment': 'std::shared_ptr<Player>' のメンバーではありません。
  C:\Users\admin\Documents\勇者に生まれていなければ\プログラム\If I'm not brave men\PartyControl.h(19): note: 'std::shared_ptr<Player>' の宣言を確認してください
C:\Users\admin\Documents\勇者に生まれていなければ\プログラム\If I'm not brave men\PartyControl.cpp(91): error C2027: 認識できない型 'Player' が使われています。
  C:\Users\admin\Documents\勇者に生まれていなければ\プログラム\If I'm not brave men\PartyControl.h(6): note: 'Player' の宣言を確認してください
C:\Users\admin\Documents\勇者に生まれていなければ\プログラム\If I'm not brave men\PartyControl.cpp(91): error C2039: 'hasEquip': 'std::shared_ptr<Player>' のメンバーではありません。
  C:\Users\admin\Documents\勇者に生まれていなければ\プログラム\If I'm not brave men\PartyControl.h(19): note: 'std::shared_ptr<Player>' の宣言を確認してください
C:\Users\admin\Documents\勇者に生まれていなければ\プログラム\If I'm not brave men\PartyControl.cpp(92): error C2027: 認識できない型 'Player' が使われています。
  C:\Users\admin\Documents\勇者に生まれていなければ\プログラム\If I'm not brave men\PartyControl.h(6): note: 'Player' の宣言を確認してください
C:\Users\admin\Documents\勇者に生まれていなければ\プログラム\If I'm not brave men\PartyControl.cpp(92): error C2039: 'getArmorId': 'std::shared_ptr<Player>' のメンバーではありません。
  C:\Users\admin\Documents\勇者に生まれていなければ\プログラム\If I'm not brave men\PartyControl.h(19): note: 'std::shared_ptr<Player>' の宣言を確認してください
C:\Users\admin\Documents\勇者に生まれていなければ\プログラム\If I'm not brave men\PartyControl.cpp(94): error C2027: 認識できない型 'Player' が使われています。
  C:\Users\admin\Documents\勇者に生まれていなければ\プログラム\If I'm not brave men\PartyControl.h(6): note: 'Player' の宣言を確認してください
C:\Users\admin\Documents\勇者に生まれていなければ\プログラム\If I'm not brave men\PartyControl.cpp(94): error C2039: 'setEquipment': 'std::shared_ptr<Player>' のメンバーではありません。
  C:\Users\admin\Documents\勇者に生まれていなければ\プログラム\If I'm not brave men\PartyControl.h(19): note: 'std::shared_ptr<Player>' の宣言を確認してください
  Main.cpp
C:\Users\admin\Documents\勇者に生まれていなければ\プログラム\If I'm not brave men\Player.h(64): warning C4018: '<': signed と unsigned の数値を比較しようとしました。
C:\Users\admin\Documents\勇者に生まれていなければ\プログラム\If I'm not brave men\Main.cpp(35): warning C4244: '引数': 'time_t' から 'int' への変換です。データが失われる可能性があります。
C:\Users\admin\Documents\勇者に生まれていなければ\プログラム\If I'm not brave men\Main.cpp(64): error C2040: 'mapc': 'std::unique_ptr<MapControl,std::default_delete<_Ty>>' は 'MapControl *' と間接操作のレベルが異なります。
          with
          [
              _Ty=MapControl
          ]
  Player.cpp
C:\Users\admin\Documents\勇者に生まれていなければ\プログラム\If I'm not brave men\Player.h(64): warning C4018: '<': signed と unsigned の数値を比較しようとしました。
C:\Users\admin\Documents\勇者に生まれていなければ\プログラム\If I'm not brave men\Player.cpp(104): warning C4244: '引数': 'double' から 'int' への変換です。データが失われる可能性があります。
C:\Users\admin\Documents\勇者に生まれていなければ\プログラム\If I'm not brave men\Player.cpp(109): warning C4244: '引数': 'double' から 'int' への変換です。データが失われる可能性があります。
C:\Users\admin\Documents\勇者に生まれていなければ\プログラム\If I'm not brave men\Player.cpp(114): warning C4244: '引数': 'double' から 'int' への変換です。データが失われる可能性があります。
C:\Users\admin\Documents\勇者に生まれていなければ\プログラム\If I'm not brave men\Player.cpp(119): warning C4244: '引数': 'double' から 'int' への変換です。データが失われる可能性があります。
C:\Users\admin\Documents\勇者に生まれていなければ\プログラム\If I'm not brave men\Player.cpp(164): warning C4244: '=': 'double' から 'int' への変換です。データが失われる可能性があります。
C:\Users\admin\Documents\勇者に生まれていなければ\プログラム\If I'm not brave men\Player.cpp(165): warning C4244: '=': 'double' から 'int' への変換です。データが失われる可能性があります。
C:\Users\admin\Documents\勇者に生まれていなければ\プログラム\If I'm not brave men\Player.cpp(166): warning C4244: '=': 'double' から 'int' への変換です。データが失われる可能性があります。
C:\Users\admin\Documents\勇者に生まれていなければ\プログラム\If I'm not brave men\Player.cpp(167): warning C4244: '=': 'double' から 'int' への変換です。データが失われる可能性があります。
C:\Users\admin\Documents\勇者に生まれていなければ\プログラム\If I'm not brave men\Player.cpp(168): warning C4244: '=': 'double' から 'int' への変換です。データが失われる可能性があります。
C:\Users\admin\Documents\勇者に生まれていなければ\プログラム\If I'm not brave men\Player.cpp(182): warning C4244: '引数': 'double' から 'int' への変換です。データが失われる可能性があります。
C:\Users\admin\Documents\勇者に生まれていなければ\プログラム\If I'm not brave men\Player.cpp(183): warning C4244: '引数': 'double' から 'int' への変換です。データが失われる可能性があります。
C:\Users\admin\Documents\勇者に生まれていなければ\プログラム\If I'm not brave men\Player.cpp(184): warning C4244: '引数': 'double' から 'int' への変換です。データが失われる可能性があります。
C:\Users\admin\Documents\勇者に生まれていなければ\プログラム\If I'm not brave men\Player.cpp(185): warning C4244: '引数': 'double' から 'int' への変換です。データが失われる可能性があります。
C:\Users\admin\Documents\勇者に生まれていなければ\プログラム\If I'm not brave men\Player.cpp(186): warning C4244: '引数': 'double' から 'float' への変換です。データが失われる可能性があります。
C:\Users\admin\Documents\勇者に生まれていなければ\プログラム\If I'm not brave men\Player.cpp(187): warning C4244: '引数': 'double' から 'float' への変換です。データが失われる可能性があります。
C:\Users\admin\Documents\勇者に生まれていなければ\プログラム\If I'm not brave men\Player.cpp(188): warning C4244: '引数': 'double' から 'float' への変換です。データが失われる可能性があります。
C:\Users\admin\Documents\勇者に生まれていなければ\プログラム\If I'm not brave men\Player.cpp(189): warning C4244: '引数': 'double' から 'float' への変換です。データが失われる可能性があります。
C:\Users\admin\Documents\勇者に生まれていなければ\プログラム\If I'm not brave men\Player.cpp(190): warning C4244: '引数': 'double' から 'float' への変換です。データが失われる可能性があります。
  コードを生成中...
